<?xml version="1.0" encoding="UTF-8"?>
<testsuite xmlns:xsi="http://www.w3.org/2001/XMLSchema-instance" xsi:noNamespaceSchemaLocation="https://maven.apache.org/surefire/maven-surefire-plugin/xsd/surefire-test-report.xsd" name="exercise1.VendingMachineTest" time="0.098" tests="10" errors="0" skipped="0" failures="0">
  <properties>
[...]
</properties>
  <testcase name="testSelectProduct_invalidProduct" classname="exercise1.VendingMachineTest" time="0.003"/>
  <testcase name="testAddCoin_invalidCoin" classname="exercise1.VendingMachineTest" time="0"/>
  <testcase name="testVendItemAndrefund_sufficientAmountProvided" classname="exercise1.VendingMachineTest" time="0"/>
  <testcase name="testSelectProduct_unavailableProduct" classname="exercise1.VendingMachineTest" time="0.001"/>
  <testcase name="testVendItemAndrefund_extraAmountProvided" classname="exercise1.VendingMachineTest" time="0"/>
  <testcase name="testReset_bySupplier_correctPasscode" classname="exercise1.VendingMachineTest" time="0"/>
  <testcase name="testReset_bySupplier_wrongPasscode" classname="exercise1.VendingMachineTest" time="0"/>
  <testcase name="testVendItemAndRefund_insufficientAmountProvided" classname="exercise1.VendingMachineTest" time="0"/>
  <testcase name="testCancelAndRefund_someAmountProvided" classname="exercise1.VendingMachineTest" time="0"/>
  <testcase name="testCancelAndRefund_noAmountProvided" classname="exercise1.VendingMachineTest" time="0"/>
</testsuite>